<?xml version="1.0" encoding="UTF-8"?>
<!-- Generated by org.testng.reporters.JUnitReportReporter -->
<testsuite hostname="LAPTOP-463HIQKE" failures="0" tests="1" name="search.InputSearch" time="13.052" errors="0" timestamp="29 Sep 2018 04:29:59 GMT">
  <testcase classname="search.InputSearch" name="search" time="13.052"/>
</testsuite> <!-- search.InputSearch -->
